<?xml version="1.0" encoding="UTF-8"?>
<!-- Generated by org.testng.reporters.JUnitReportReporter -->
<testsuite hostname="DESKTOP-VA6VM32" failures="0" tests="1" name="automation_test.php_travels.TitlePHP" time="50.180" errors="0" timestamp="2021-02-01T13:30:06 EST" skipped="0">
  <testcase classname="automation_test.php_travels.TitlePHP" name="validateTitle" time="50.180"/>
  <system-out/>
</testsuite> <!-- automation_test.php_travels.TitlePHP -->
