<?xml version="1.0" encoding="UTF-8"?>
<!-- Generated by org.testng.reporters.JUnitReportReporter -->
<testsuite hostname="DESKTOP-VA6VM32" failures="0" tests="2" name="automation_test.selenium_grid.Selenium_grid_Chrome1" time="55.363" errors="0" timestamp="2021-01-16T18:53:16 EST" skipped="0">
  <testcase classname="automation_test.selenium_grid.Selenium_grid_Chrome1" name="RunInFirefox" time="20.242"/>
  <system-out/>
  <testcase classname="automation_test.selenium_grid.Selenium_grid_Chrome1" name="RunInChrome" time="35.121"/>
  <system-out/>
</testsuite> <!-- automation_test.selenium_grid.Selenium_grid_Chrome1 -->
