<?xml version="1.0" encoding="UTF-8"?>
<!-- Generated by org.testng.reporters.JUnitReportReporter -->
<testsuite hostname="DESKTOP-VA6VM32" failures="0" tests="1" name="automation_test.selenium_grid.Selenium_grid_Chrome2" time="62.200" errors="0" timestamp="2021-01-16T18:53:16 EST" skipped="0">
  <testcase classname="automation_test.selenium_grid.Selenium_grid_Chrome2" name="RunInChrome1" time="62.200"/>
  <system-out/>
</testsuite> <!-- automation_test.selenium_grid.Selenium_grid_Chrome2 -->
